"QUERY PLAN"
"Hash Semi Join  (cost=634.69..1040.36 rows=575 width=21) (actual time=4.160..5.840 rows=582 loops=1)"
"  Hash Cond: (s.sid = r.sid)"
"  ->  Seq Scan on sailors s  (cost=0.00..348.75 rows=18975 width=25) (actual time=0.008..1.418 rows=19000 loops=1)"
"  ->  Hash  (cost=627.50..627.50 rows=575 width=4) (actual time=2.652..2.652 rows=582 loops=1)"
"        Buckets: 1024  Batches: 1  Memory Usage: 29kB"
"        ->  Seq Scan on reserves r  (cost=0.00..627.50 rows=575 width=4) (actual time=0.008..2.588 rows=582 loops=1)"
"              Filter: (bid = 103)"
"              Rows Removed by Filter: 34418"
"Planning Time: 0.081 ms"
"Execution Time: 5.876 ms"
